{
  level: 'error',
  message: 'HTTP GET /user/error',
  metadata: {
    meta: {
      req: {
        url: '/user/error',
        headers: {
          'user-agent': 'vscode-restclient',
          'accept-encoding': 'gzip, deflate',
          host: '127.0.0.1:9999',
          connection: 'close'
        },
        method: 'GET',
        httpVersion: '1.1',
        originalUrl: '/user/error',
        query: {}
      },
      res: { statusCode: 500 },
      responseTime: 8
    },
    timestamp: '2023-09-14T08:11:01.923Z'
  }
}
{
  level: 'error',
  message: 'HTTP GET /user/error',
  metadata: {
    meta: {
      req: {
        url: '/user/error',
        headers: {
          'user-agent': 'vscode-restclient',
          'accept-encoding': 'gzip, deflate',
          host: '127.0.0.1:9999',
          connection: 'close'
        },
        method: 'GET',
        httpVersion: '1.1',
        originalUrl: '/user/error',
        query: {}
      },
      res: { statusCode: 500 },
      responseTime: 3
    },
    timestamp: '2023-09-14T08:12:27.435Z'
  }
}
{
  level: 'error',
  message: 'HTTP GET /user/error',
  metadata: {
    meta: {
      req: {
        url: '/user/error',
        headers: {
          'user-agent': 'PostmanRuntime/7.32.3',
          accept: '*/*',
          'cache-control': 'no-cache',
          'postman-token': '120cc0a1-9c5e-4af0-88f7-fb38d0fe647a',
          host: '127.0.0.1:9999',
          'accept-encoding': 'gzip, deflate, br',
          connection: 'keep-alive'
        },
        method: 'GET',
        httpVersion: '1.1',
        originalUrl: '/user/error',
        query: {}
      },
      res: { statusCode: 500 },
      responseTime: 11
    },
    timestamp: '2023-09-14T08:14:27.752Z'
  }
}
{
  level: 'error',
  message: 'HTTP GET /user/error',
  metadata: {
    meta: {
      req: {
        url: '/user/error',
        headers: {
          'user-agent': 'vscode-restclient',
          'accept-encoding': 'gzip, deflate',
          host: '127.0.0.1:9999',
          connection: 'close'
        },
        method: 'GET',
        httpVersion: '1.1',
        originalUrl: '/user/error',
        query: {}
      },
      res: { statusCode: 500 },
      responseTime: 5
    },
    timestamp: '2023-09-14T08:46:21.827Z'
  }
}
{
  level: 'error',
  message: 'HTTP GET /user/error',
  metadata: {
    meta: {
      req: {
        url: '/user/error',
        headers: {
          'user-agent': 'vscode-restclient',
          'accept-encoding': 'gzip, deflate',
          host: '127.0.0.1:9999',
          connection: 'close'
        },
        method: 'GET',
        httpVersion: '1.1',
        originalUrl: '/user/error',
        query: {}
      },
      res: { statusCode: 500 },
      responseTime: 12
    },
    timestamp: '2023-09-15T02:00:51.802Z'
  }
}
{
  level: 'error',
  message: 'HTTP GET /user/error',
  metadata: {
    meta: {
      req: {
        url: '/user/error',
        headers: {
          'user-agent': 'vscode-restclient',
          'accept-encoding': 'gzip, deflate',
          host: '127.0.0.1:9999',
          connection: 'close'
        },
        method: 'GET',
        httpVersion: '1.1',
        originalUrl: '/user/error',
        query: {}
      },
      res: { statusCode: 500 },
      responseTime: 3
    },
    timestamp: '2023-09-15T02:01:00.620Z'
  }
}
{
  level: 'error',
  message: 'HTTP GET /user/error',
  metadata: {
    meta: {
      req: {
        url: '/user/error',
        headers: {
          'user-agent': 'vscode-restclient',
          'accept-encoding': 'gzip, deflate',
          host: '127.0.0.1:9999',
          connection: 'close'
        },
        method: 'GET',
        httpVersion: '1.1',
        originalUrl: '/user/error',
        query: {}
      },
      res: { statusCode: 500 },
      responseTime: 2
    },
    timestamp: '2023-09-15T02:01:02.179Z'
  }
}
{
  level: 'error',
  message: 'HTTP GET /user/error',
  metadata: {
    meta: {
      req: {
        url: '/user/error',
        headers: {
          'user-agent': 'vscode-restclient',
          'accept-encoding': 'gzip, deflate',
          host: '127.0.0.1:9999',
          connection: 'close'
        },
        method: 'GET',
        httpVersion: '1.1',
        originalUrl: '/user/error',
        query: {}
      },
      res: { statusCode: 500 },
      responseTime: 3
    },
    timestamp: '2023-09-15T02:01:02.669Z'
  }
}
{
  level: 'error',
  message: 'HTTP GET /user/error',
  metadata: {
    meta: {
      req: {
        url: '/user/error',
        headers: {
          'user-agent': 'vscode-restclient',
          'accept-encoding': 'gzip, deflate',
          host: '127.0.0.1:9999',
          connection: 'close'
        },
        method: 'GET',
        httpVersion: '1.1',
        originalUrl: '/user/error',
        query: {}
      },
      res: { statusCode: 500 },
      responseTime: 3
    },
    timestamp: '2023-09-15T02:01:02.874Z'
  }
}
{
  level: 'error',
  message: 'HTTP GET /user/error',
  metadata: {
    meta: {
      req: {
        url: '/user/error',
        headers: {
          'user-agent': 'vscode-restclient',
          'accept-encoding': 'gzip, deflate',
          host: '127.0.0.1:9999',
          connection: 'close'
        },
        method: 'GET',
        httpVersion: '1.1',
        originalUrl: '/user/error',
        query: {}
      },
      res: { statusCode: 500 },
      responseTime: 3
    },
    timestamp: '2023-09-15T02:01:03.111Z'
  }
}
{
  level: 'error',
  message: 'HTTP GET /user/error',
  metadata: {
    meta: {
      req: {
        url: '/user/error',
        headers: {
          'user-agent': 'vscode-restclient',
          'accept-encoding': 'gzip, deflate',
          host: '127.0.0.1:9999',
          connection: 'close'
        },
        method: 'GET',
        httpVersion: '1.1',
        originalUrl: '/user/error',
        query: {}
      },
      res: { statusCode: 500 },
      responseTime: 3
    },
    timestamp: '2023-09-15T02:01:03.330Z'
  }
}
{
  level: 'error',
  message: 'HTTP GET /user/error',
  metadata: {
    meta: {
      req: {
        url: '/user/error',
        headers: {
          'user-agent': 'vscode-restclient',
          'accept-encoding': 'gzip, deflate',
          host: '127.0.0.1:9999',
          connection: 'close'
        },
        method: 'GET',
        httpVersion: '1.1',
        originalUrl: '/user/error',
        query: {}
      },
      res: { statusCode: 500 },
      responseTime: 2
    },
    timestamp: '2023-09-15T02:01:03.538Z'
  }
}
{
  level: 'error',
  message: 'HTTP GET /user/500',
  metadata: {
    meta: {
      req: {
        url: '/user/500',
        headers: {
          'user-agent': 'vscode-restclient',
          'accept-encoding': 'gzip, deflate',
          host: '127.0.0.1:9999',
          connection: 'close'
        },
        method: 'GET',
        httpVersion: '1.1',
        originalUrl: '/user/500',
        query: {}
      },
      res: { statusCode: 500 },
      responseTime: 2
    },
    timestamp: '2023-09-15T02:01:04.770Z'
  }
}
{
  level: 'error',
  message: 'HTTP GET /user/error',
  metadata: {
    meta: {
      req: {
        url: '/user/error',
        headers: {
          'user-agent': 'vscode-restclient',
          'accept-encoding': 'gzip, deflate',
          host: '127.0.0.1:9999',
          connection: 'close'
        },
        method: 'GET',
        httpVersion: '1.1',
        originalUrl: '/user/error',
        query: {}
      },
      res: { statusCode: 500 },
      responseTime: 11
    },
    timestamp: '2023-09-15T02:01:39.251Z'
  }
}
{
  level: 'error',
  message: 'HTTP GET /user/error',
  metadata: {
    meta: {
      req: {
        url: '/user/error',
        headers: {
          'user-agent': 'vscode-restclient',
          'accept-encoding': 'gzip, deflate',
          host: '127.0.0.1:9999',
          connection: 'close'
        },
        method: 'GET',
        httpVersion: '1.1',
        originalUrl: '/user/error',
        query: {}
      },
      res: { statusCode: 500 },
      responseTime: 4
    },
    timestamp: '2023-09-15T02:01:53.948Z'
  }
}
{
  level: 'error',
  message: 'HTTP GET /user/error',
  metadata: {
    meta: {
      req: {
        url: '/user/error',
        headers: {
          'user-agent': 'vscode-restclient',
          'accept-encoding': 'gzip, deflate',
          host: '127.0.0.1:9999',
          connection: 'close'
        },
        method: 'GET',
        httpVersion: '1.1',
        originalUrl: '/user/error',
        query: {}
      },
      res: { statusCode: 500 },
      responseTime: 3
    },
    timestamp: '2023-09-15T02:02:07.748Z'
  }
}
{
  level: 'error',
  message: 'HTTP GET /user/error',
  metadata: {
    meta: {
      req: {
        url: '/user/error',
        headers: {
          'user-agent': 'vscode-restclient',
          'accept-encoding': 'gzip, deflate',
          host: '127.0.0.1:9999',
          connection: 'close'
        },
        method: 'GET',
        httpVersion: '1.1',
        originalUrl: '/user/error',
        query: {}
      },
      res: { statusCode: 500 },
      responseTime: 3
    },
    timestamp: '2023-09-15T02:02:17.601Z'
  }
}
{
  level: 'error',
  message: 'HTTP GET /user/error',
  metadata: {
    meta: {
      req: {
        url: '/user/error',
        headers: {
          'user-agent': 'vscode-restclient',
          'accept-encoding': 'gzip, deflate',
          host: '127.0.0.1:9999',
          connection: 'close'
        },
        method: 'GET',
        httpVersion: '1.1',
        originalUrl: '/user/error',
        query: {}
      },
      res: { statusCode: 500 },
      responseTime: 6
    },
    timestamp: '2023-09-15T02:34:33.660Z'
  }
}
{
  level: 'error',
  message: 'HTTP GET /user/500',
  metadata: {
    meta: {
      req: {
        url: '/user/500',
        headers: {
          'user-agent': 'vscode-restclient',
          'accept-encoding': 'gzip, deflate',
          host: '127.0.0.1:9999',
          connection: 'close'
        },
        method: 'GET',
        httpVersion: '1.1',
        originalUrl: '/user/500',
        query: {}
      },
      res: { statusCode: 500 },
      responseTime: 0
    },
    timestamp: '2023-09-15T02:34:35.644Z'
  }
}
{
  level: 'error',
  message: 'HTTP GET /user/500',
  metadata: {
    meta: {
      req: {
        url: '/user/500',
        headers: {
          'user-agent': 'vscode-restclient',
          'accept-encoding': 'gzip, deflate',
          host: '127.0.0.1:9999',
          connection: 'close'
        },
        method: 'GET',
        httpVersion: '1.1',
        originalUrl: '/user/500',
        query: {}
      },
      res: { statusCode: 500 },
      responseTime: 1
    },
    timestamp: '2023-09-15T04:40:51.588Z'
  }
}
{
  level: 'error',
  message: 'HTTP GET /user/error',
  metadata: {
    meta: {
      req: {
        url: '/user/error',
        headers: {
          'user-agent': 'vscode-restclient',
          'accept-encoding': 'gzip, deflate',
          host: '127.0.0.1:9999',
          connection: 'close'
        },
        method: 'GET',
        httpVersion: '1.1',
        originalUrl: '/user/error',
        query: {}
      },
      res: { statusCode: 500 },
      responseTime: 7
    },
    timestamp: '2023-09-15T04:40:52.777Z'
  }
}
{
  level: 'error',
  message: 'HTTP POST /store/addStore/newStore',
  metadata: {
    meta: {
      req: {
        url: '/store/addStore/newStore',
        headers: {
          'content-type': 'application/json',
          'user-agent': 'PostmanRuntime/7.33.0',
          accept: '*/*',
          'cache-control': 'no-cache',
          'postman-token': 'af5205be-2fee-4d36-862f-4d2426669598',
          host: '127.0.0.1:9999',
          'accept-encoding': 'gzip, deflate, br',
          connection: 'keep-alive',
          'content-length': '1405'
        },
        method: 'POST',
        httpVersion: '1.1',
        originalUrl: '/store/addStore/newStore',
        query: {}
      },
      res: { statusCode: 500 },
      responseTime: 20
    },
    timestamp: '2023-10-05T09:09:28.229Z'
  }
}
{
  level: 'error',
  message: 'HTTP POST /store/addStore/newStore',
  metadata: {
    meta: {
      req: {
        url: '/store/addStore/newStore',
        headers: {
          'content-type': 'application/json',
          'user-agent': 'PostmanRuntime/7.33.0',
          accept: '*/*',
          'cache-control': 'no-cache',
          'postman-token': '35215273-5a33-4a25-ad34-18ce38bfff80',
          host: '127.0.0.1:9999',
          'accept-encoding': 'gzip, deflate, br',
          connection: 'keep-alive',
          'content-length': '1401'
        },
        method: 'POST',
        httpVersion: '1.1',
        originalUrl: '/store/addStore/newStore',
        query: {}
      },
      res: { statusCode: 500 },
      responseTime: 1571
    },
    timestamp: '2023-10-05T09:23:31.265Z'
  }
}
{
  level: 'error',
  message: 'HTTP POST /store/addStore/newStore',
  metadata: {
    meta: {
      req: {
        url: '/store/addStore/newStore',
        headers: {
          'content-type': 'application/json',
          'user-agent': 'PostmanRuntime/7.33.0',
          accept: '*/*',
          'cache-control': 'no-cache',
          'postman-token': '4adff7b9-d9ad-45b8-beb9-6f57aebecccc',
          host: '127.0.0.1:9999',
          'accept-encoding': 'gzip, deflate, br',
          connection: 'keep-alive',
          'content-length': '1192'
        },
        method: 'POST',
        httpVersion: '1.1',
        originalUrl: '/store/addStore/newStore',
        query: {}
      },
      res: { statusCode: 500 },
      responseTime: 13
    },
    timestamp: '2023-10-06T08:41:35.631Z'
  }
}
{
  level: 'error',
  message: 'HTTP POST /store/addStore/newStore',
  metadata: {
    meta: {
      req: {
        url: '/store/addStore/newStore',
        headers: {
          'content-type': 'application/json',
          'user-agent': 'PostmanRuntime/7.33.0',
          accept: '*/*',
          'cache-control': 'no-cache',
          'postman-token': '8df218c6-6ff9-4e0d-a1f5-505557527cef',
          host: '127.0.0.1:9999',
          'accept-encoding': 'gzip, deflate, br',
          connection: 'keep-alive',
          'content-length': '1194'
        },
        method: 'POST',
        httpVersion: '1.1',
        originalUrl: '/store/addStore/newStore',
        query: {}
      },
      res: { statusCode: 500 },
      responseTime: 17
    },
    timestamp: '2023-10-06T10:17:22.866Z'
  }
}
{
  level: 'error',
  message: 'HTTP POST /store/addStore/newStore',
  metadata: {
    meta: {
      req: {
        url: '/store/addStore/newStore',
        headers: {
          'content-type': 'application/json',
          'user-agent': 'PostmanRuntime/7.33.0',
          accept: '*/*',
          'cache-control': 'no-cache',
          'postman-token': 'ee70151f-cf46-4042-9f83-555b04d9fc05',
          host: '127.0.0.1:9999',
          'accept-encoding': 'gzip, deflate, br',
          connection: 'keep-alive',
          'content-length': '1194'
        },
        method: 'POST',
        httpVersion: '1.1',
        originalUrl: '/store/addStore/newStore',
        query: {}
      },
      res: { statusCode: 500 },
      responseTime: 17
    },
    timestamp: '2023-10-06T10:17:39.805Z'
  }
}
{
  level: 'error',
  message: 'HTTP POST /store/addStore/newStore',
  metadata: {
    meta: {
      req: {
        url: '/store/addStore/newStore',
        headers: {
          'content-type': 'application/json',
          'user-agent': 'PostmanRuntime/7.33.0',
          accept: '*/*',
          'cache-control': 'no-cache',
          'postman-token': '72d233e0-f52c-4b4b-82f3-c6df99800842',
          host: '127.0.0.1:9999',
          'accept-encoding': 'gzip, deflate, br',
          connection: 'keep-alive',
          'content-length': '1194'
        },
        method: 'POST',
        httpVersion: '1.1',
        originalUrl: '/store/addStore/newStore',
        query: {}
      },
      res: { statusCode: 500 },
      responseTime: 5
    },
    timestamp: '2023-10-06T10:17:41.855Z'
  }
}
{
  level: 'error',
  message: 'HTTP POST /store/addStore/newStore',
  metadata: {
    meta: {
      req: {
        url: '/store/addStore/newStore',
        headers: {
          'content-type': 'application/json',
          'user-agent': 'PostmanRuntime/7.33.0',
          accept: '*/*',
          'cache-control': 'no-cache',
          'postman-token': '26006e7b-64b2-4191-bfd6-1570eb770d4e',
          host: '127.0.0.1:9999',
          'accept-encoding': 'gzip, deflate, br',
          connection: 'keep-alive',
          'content-length': '1136'
        },
        method: 'POST',
        httpVersion: '1.1',
        originalUrl: '/store/addStore/newStore',
        query: {}
      },
      res: { statusCode: 500 },
      responseTime: 13
    },
    timestamp: '2023-10-09T02:11:52.898Z'
  }
}
{
  level: 'error',
  message: 'HTTP POST /manage/TypeStore/addTypeStore',
  metadata: {
    meta: {
      req: {
        url: '/manage/TypeStore/addTypeStore',
        headers: {
          'content-type': 'application/json',
          'user-agent': 'PostmanRuntime/7.33.0',
          accept: '*/*',
          'cache-control': 'no-cache',
          'postman-token': '919292de-c39c-4501-b452-f70e6b656d78',
          host: '127.0.0.1:9999',
          'accept-encoding': 'gzip, deflate, br',
          connection: 'keep-alive',
          'content-length': '239'
        },
        method: 'POST',
        httpVersion: '1.1',
        originalUrl: '/manage/TypeStore/addTypeStore',
        query: {}
      },
      res: { statusCode: 500 },
      responseTime: 11
    },
    timestamp: '2023-10-09T03:52:38.164Z'
  }
}
{
  level: 'error',
  message: 'HTTP POST /manage/TypeStore/addTypeStore',
  metadata: {
    meta: {
      req: {
        url: '/manage/TypeStore/addTypeStore',
        headers: {
          'content-type': 'application/json',
          'user-agent': 'PostmanRuntime/7.33.0',
          accept: '*/*',
          'cache-control': 'no-cache',
          'postman-token': '6d62ac40-d863-4996-9e7c-5530e03a2407',
          host: '127.0.0.1:9999',
          'accept-encoding': 'gzip, deflate, br',
          connection: 'keep-alive',
          'content-length': '239'
        },
        method: 'POST',
        httpVersion: '1.1',
        originalUrl: '/manage/TypeStore/addTypeStore',
        query: {}
      },
      res: { statusCode: 500 },
      responseTime: 21
    },
    timestamp: '2023-10-09T03:54:52.999Z'
  }
}
{
  level: 'error',
  message: 'HTTP PUT /manage/TypeStore/editTypeStore',
  metadata: {
    meta: {
      req: {
        url: '/manage/TypeStore/editTypeStore',
        headers: {
          'user-agent': 'PostmanRuntime/7.33.0',
          accept: '*/*',
          'cache-control': 'no-cache',
          'postman-token': 'b12df159-9784-466d-bda5-61232e562190',
          host: '127.0.0.1:9999',
          'accept-encoding': 'gzip, deflate, br',
          connection: 'keep-alive',
          'content-length': '0'
        },
        method: 'PUT',
        httpVersion: '1.1',
        originalUrl: '/manage/TypeStore/editTypeStore',
        query: {}
      },
      res: { statusCode: 501 },
      responseTime: 3
    },
    timestamp: '2023-10-09T04:02:03.500Z'
  }
}
{
  level: 'error',
  message: 'HTTP PUT /manage/TypeStore/editTypeStore',
  metadata: {
    meta: {
      req: {
        url: '/manage/TypeStore/editTypeStore',
        headers: {
          'content-type': 'application/json',
          'user-agent': 'PostmanRuntime/7.33.0',
          accept: '*/*',
          'cache-control': 'no-cache',
          'postman-token': 'deca2e99-07b1-4d2c-91da-5b64b575743d',
          host: '127.0.0.1:9999',
          'accept-encoding': 'gzip, deflate, br',
          connection: 'keep-alive',
          'content-length': '225'
        },
        method: 'PUT',
        httpVersion: '1.1',
        originalUrl: '/manage/TypeStore/editTypeStore',
        query: {}
      },
      res: { statusCode: 501 },
      responseTime: 2
    },
    timestamp: '2023-10-09T04:08:32.949Z'
  }
}
{
  level: 'error',
  message: 'HTTP PUT /manage/TypeStore/editTypeStore',
  metadata: {
    meta: {
      req: {
        url: '/manage/TypeStore/editTypeStore',
        headers: {
          'content-type': 'application/json',
          'user-agent': 'PostmanRuntime/7.33.0',
          accept: '*/*',
          'cache-control': 'no-cache',
          'postman-token': 'ccef860e-3748-4102-905c-849c5e686606',
          host: '127.0.0.1:9999',
          'accept-encoding': 'gzip, deflate, br',
          connection: 'keep-alive',
          'content-length': '226'
        },
        method: 'PUT',
        httpVersion: '1.1',
        originalUrl: '/manage/TypeStore/editTypeStore',
        query: {}
      },
      res: { statusCode: 500 },
      responseTime: 7
    },
    timestamp: '2023-10-09T04:09:09.417Z'
  }
}
{
  level: 'error',
  message: 'HTTP POST /store/addStore/newStore',
  metadata: {
    meta: {
      req: {
        url: '/store/addStore/newStore',
        headers: {
          'user-agent': 'PostmanRuntime/7.33.0',
          accept: '*/*',
          'cache-control': 'no-cache',
          'postman-token': 'd6be2da2-5aaa-4365-b113-d8320c071bb2',
          host: '127.0.0.1:9999',
          'accept-encoding': 'gzip, deflate, br',
          connection: 'keep-alive',
          'content-type': 'multipart/form-data; boundary=--------------------------469844032062352200264245',
          'content-length': '729552'
        },
        method: 'POST',
        httpVersion: '1.1',
        originalUrl: '/store/addStore/newStore',
        query: {}
      },
      res: { statusCode: 500 },
      responseTime: 11
    },
    timestamp: '2023-10-09T06:23:19.877Z'
  }
}
{
  level: 'error',
  message: 'HTTP POST /store/addStore/newStore',
  metadata: {
    meta: {
      req: {
        url: '/store/addStore/newStore',
        headers: {
          'user-agent': 'PostmanRuntime/7.33.0',
          accept: '*/*',
          'cache-control': 'no-cache',
          'postman-token': '5e6d6589-ce7a-4d68-a527-b66dc36327b3',
          host: '127.0.0.1:9999',
          'accept-encoding': 'gzip, deflate, br',
          connection: 'keep-alive',
          'content-type': 'multipart/form-data; boundary=--------------------------849792255820080186346987',
          'content-length': '729552'
        },
        method: 'POST',
        httpVersion: '1.1',
        originalUrl: '/store/addStore/newStore',
        query: {}
      },
      res: { statusCode: 500 },
      responseTime: 22
    },
    timestamp: '2023-10-09T06:23:35.342Z'
  }
}
{
  level: 'error',
  message: 'HTTP POST /store/addStore/newStore',
  metadata: {
    meta: {
      req: {
        url: '/store/addStore/newStore',
        headers: {
          'content-type': 'application/json',
          'user-agent': 'PostmanRuntime/7.33.0',
          accept: '*/*',
          'cache-control': 'no-cache',
          'postman-token': '1961082b-b6a8-4972-b4bc-0c0a8a2af8cf',
          host: '127.0.0.1:9999',
          'accept-encoding': 'gzip, deflate, br',
          connection: 'keep-alive',
          'content-length': '1136'
        },
        method: 'POST',
        httpVersion: '1.1',
        originalUrl: '/store/addStore/newStore',
        query: {}
      },
      res: { statusCode: 500 },
      responseTime: 4
    },
    timestamp: '2023-10-09T06:41:16.310Z'
  }
}
{
  level: 'error',
  message: 'HTTP POST /store/addStore/newStore',
  metadata: {
    meta: {
      req: {
        url: '/store/addStore/newStore',
        headers: {
          'content-type': 'application/json',
          'user-agent': 'PostmanRuntime/7.33.0',
          accept: '*/*',
          'cache-control': 'no-cache',
          'postman-token': 'b1e232ed-55da-4643-b9ca-96e5514f46e7',
          host: '127.0.0.1:9999',
          'accept-encoding': 'gzip, deflate, br',
          connection: 'keep-alive',
          'content-length': '1136'
        },
        method: 'POST',
        httpVersion: '1.1',
        originalUrl: '/store/addStore/newStore',
        query: {}
      },
      res: { statusCode: 500 },
      responseTime: 17
    },
    timestamp: '2023-10-09T07:13:20.362Z'
  }
}
{
  level: 'error',
  message: 'HTTP POST /store/addStore/newStore',
  metadata: {
    meta: {
      req: {
        url: '/store/addStore/newStore',
        headers: {
          'content-type': 'application/json',
          'user-agent': 'PostmanRuntime/7.33.0',
          accept: '*/*',
          'cache-control': 'no-cache',
          'postman-token': 'fb2beeb7-f1d9-46b9-b8b0-7b9f3051dc5b',
          host: '127.0.0.1:9999',
          'accept-encoding': 'gzip, deflate, br',
          connection: 'keep-alive',
          'content-length': '1136'
        },
        method: 'POST',
        httpVersion: '1.1',
        originalUrl: '/store/addStore/newStore',
        query: {}
      },
      res: { statusCode: 500 },
      responseTime: 18
    },
    timestamp: '2023-10-09T07:13:39.443Z'
  }
}
{
  level: 'error',
  message: 'HTTP POST /store/addStore/newStore',
  metadata: {
    meta: {
      req: {
        url: '/store/addStore/newStore',
        headers: {
          'user-agent': 'PostmanRuntime/7.33.0',
          accept: '*/*',
          'cache-control': 'no-cache',
          'postman-token': '2b871cc1-ba04-4b66-be9d-fa35d176d3ae',
          host: '127.0.0.1:9999',
          'accept-encoding': 'gzip, deflate, br',
          connection: 'keep-alive',
          'content-type': 'multipart/form-data; boundary=--------------------------546441288658590095500162',
          'content-length': '729558'
        },
        method: 'POST',
        httpVersion: '1.1',
        originalUrl: '/store/addStore/newStore',
        query: {}
      },
      res: { statusCode: 500 },
      responseTime: 21
    },
    timestamp: '2023-10-09T07:13:45.997Z'
  }
}
{
  level: 'error',
  message: 'HTTP POST /store/addStore/newStore',
  metadata: {
    meta: {
      req: {
        url: '/store/addStore/newStore',
        headers: {
          'user-agent': 'PostmanRuntime/7.33.0',
          accept: '*/*',
          'cache-control': 'no-cache',
          'postman-token': '772719d2-577d-4578-9f10-35c6e299d647',
          host: '127.0.0.1:9999',
          'accept-encoding': 'gzip, deflate, br',
          connection: 'keep-alive',
          'content-type': 'multipart/form-data; boundary=--------------------------021602370673965189661173',
          'content-length': '729558'
        },
        method: 'POST',
        httpVersion: '1.1',
        originalUrl: '/store/addStore/newStore',
        query: {}
      },
      res: { statusCode: 500 },
      responseTime: 32
    },
    timestamp: '2023-10-09T07:14:06.403Z'
  }
}
{
  level: 'error',
  message: 'HTTP POST /store/addStore/newStore',
  metadata: {
    meta: {
      req: {
        url: '/store/addStore/newStore',
        headers: {
          'user-agent': 'PostmanRuntime/7.33.0',
          accept: '*/*',
          'cache-control': 'no-cache',
          'postman-token': '26b2df53-c50e-437b-9395-7f020130ea46',
          host: '127.0.0.1:9999',
          'accept-encoding': 'gzip, deflate, br',
          connection: 'keep-alive',
          'content-type': 'multipart/form-data; boundary=--------------------------335778435743208627603089',
          'content-length': '729558'
        },
        method: 'POST',
        httpVersion: '1.1',
        originalUrl: '/store/addStore/newStore',
        query: {}
      },
      res: { statusCode: 500 },
      responseTime: 17
    },
    timestamp: '2023-10-09T07:14:59.900Z'
  }
}
{
  level: 'error',
  message: 'HTTP POST /store/addStore/newStore',
  metadata: {
    meta: {
      req: {
        url: '/store/addStore/newStore',
        headers: {
          'user-agent': 'PostmanRuntime/7.33.0',
          accept: '*/*',
          'cache-control': 'no-cache',
          'postman-token': '7302a562-142f-442e-8570-c059d6bdd9a0',
          host: '127.0.0.1:9999',
          'accept-encoding': 'gzip, deflate, br',
          connection: 'keep-alive',
          'content-type': 'multipart/form-data; boundary=--------------------------919318354148254300683196',
          'content-length': '729558'
        },
        method: 'POST',
        httpVersion: '1.1',
        originalUrl: '/store/addStore/newStore',
        query: {}
      },
      res: { statusCode: 500 },
      responseTime: 16
    },
    timestamp: '2023-10-09T07:15:21.646Z'
  }
}
{
  level: 'error',
  message: 'HTTP POST /store/addStore/newStore',
  metadata: {
    meta: {
      req: {
        url: '/store/addStore/newStore',
        headers: {
          'user-agent': 'PostmanRuntime/7.33.0',
          accept: '*/*',
          'cache-control': 'no-cache',
          'postman-token': '865cfa09-7ffe-4886-b286-6a6213d20c7e',
          host: '127.0.0.1:9999',
          'accept-encoding': 'gzip, deflate, br',
          connection: 'keep-alive',
          'content-type': 'multipart/form-data; boundary=--------------------------650260231073667234263035',
          'content-length': '729558'
        },
        method: 'POST',
        httpVersion: '1.1',
        originalUrl: '/store/addStore/newStore',
        query: {}
      },
      res: { statusCode: 500 },
      responseTime: 18
    },
    timestamp: '2023-10-09T07:15:45.581Z'
  }
}
{
  level: 'error',
  message: 'HTTP POST /store/addStore/newStore',
  metadata: {
    meta: {
      req: {
        url: '/store/addStore/newStore',
        headers: {
          'user-agent': 'PostmanRuntime/7.33.0',
          accept: '*/*',
          'cache-control': 'no-cache',
          'postman-token': '8f8fc9b3-579a-49e3-8582-6f99edfbeef2',
          host: '127.0.0.1:9999',
          'accept-encoding': 'gzip, deflate, br',
          connection: 'keep-alive',
          'content-type': 'multipart/form-data; boundary=--------------------------321714296432402829670710',
          'content-length': '729558'
        },
        method: 'POST',
        httpVersion: '1.1',
        originalUrl: '/store/addStore/newStore',
        query: {}
      },
      res: { statusCode: 500 },
      responseTime: 16
    },
    timestamp: '2023-10-09T07:16:10.412Z'
  }
}
{
  level: 'error',
  message: 'HTTP POST /store/addStore/newStore',
  metadata: {
    meta: {
      req: {
        url: '/store/addStore/newStore',
        headers: {
          'user-agent': 'PostmanRuntime/7.33.0',
          accept: '*/*',
          'cache-control': 'no-cache',
          'postman-token': '361780cd-4944-4c8e-bd07-90a751dca99c',
          host: '127.0.0.1:9999',
          'accept-encoding': 'gzip, deflate, br',
          connection: 'keep-alive',
          'content-type': 'multipart/form-data; boundary=--------------------------013210619375600554146567',
          'content-length': '729558'
        },
        method: 'POST',
        httpVersion: '1.1',
        originalUrl: '/store/addStore/newStore',
        query: {}
      },
      res: { statusCode: 500 },
      responseTime: 18
    },
    timestamp: '2023-10-09T07:17:01.712Z'
  }
}
{
  level: 'error',
  message: 'HTTP POST /store/addStore/newStore',
  metadata: {
    meta: {
      req: {
        url: '/store/addStore/newStore',
        headers: {
          'user-agent': 'PostmanRuntime/7.33.0',
          accept: '*/*',
          'cache-control': 'no-cache',
          'postman-token': 'c9de92ef-6483-46d9-a0d5-a58a1368fd96',
          host: '127.0.0.1:9999',
          'accept-encoding': 'gzip, deflate, br',
          connection: 'keep-alive',
          'content-type': 'multipart/form-data; boundary=--------------------------939472551109254133504144',
          'content-length': '729558'
        },
        method: 'POST',
        httpVersion: '1.1',
        originalUrl: '/store/addStore/newStore',
        query: {}
      },
      res: { statusCode: 500 },
      responseTime: 19
    },
    timestamp: '2023-10-09T07:18:21.819Z'
  }
}
{
  level: 'error',
  message: 'HTTP POST /store/addStore/newStore',
  metadata: {
    meta: {
      req: {
        url: '/store/addStore/newStore',
        headers: {
          'user-agent': 'PostmanRuntime/7.33.0',
          accept: '*/*',
          'cache-control': 'no-cache',
          'postman-token': '61cfb3fc-3586-4530-bd6d-ff8ac1baac2a',
          host: '127.0.0.1:9999',
          'accept-encoding': 'gzip, deflate, br',
          connection: 'keep-alive',
          'content-type': 'multipart/form-data; boundary=--------------------------779346920439530257895471',
          'content-length': '729558'
        },
        method: 'POST',
        httpVersion: '1.1',
        originalUrl: '/store/addStore/newStore',
        query: {}
      },
      res: { statusCode: 500 },
      responseTime: 17
    },
    timestamp: '2023-10-09T07:18:53.152Z'
  }
}
{
  level: 'error',
  message: 'HTTP POST /manage/NumberSeries/addSeries',
  metadata: {
    meta: {
      req: {
        url: '/manage/NumberSeries/addSeries',
        headers: {
          'content-type': 'application/json',
          'user-agent': 'PostmanRuntime/7.33.0',
          accept: '*/*',
          'cache-control': 'no-cache',
          'postman-token': 'a95a213b-0e75-43a2-9189-03b1f0ae4bb1',
          host: '127.0.0.1:9999',
          'accept-encoding': 'gzip, deflate, br',
          connection: 'keep-alive',
          'content-length': '204'
        },
        method: 'POST',
        httpVersion: '1.1',
        originalUrl: '/manage/NumberSeries/addSeries',
        query: {}
      },
      res: { statusCode: 500 },
      responseTime: 26
    },
    timestamp: '2023-10-09T08:21:52.099Z'
  }
}
{
  level: 'error',
  message: 'HTTP POST /store/addStore/newStore',
  metadata: {
    meta: {
      req: {
        url: '/store/addStore/newStore',
        headers: {
          'content-type': 'application/json',
          'user-agent': 'PostmanRuntime/7.33.0',
          accept: '*/*',
          'cache-control': 'no-cache',
          'postman-token': '579c442e-97cf-4586-acdc-57d6b6145563',
          host: '127.0.0.1:9999',
          'accept-encoding': 'gzip, deflate, br',
          connection: 'keep-alive',
          'content-length': '941'
        },
        method: 'POST',
        httpVersion: '1.1',
        originalUrl: '/store/addStore/newStore',
        query: {}
      },
      res: { statusCode: 500 },
      responseTime: 5
    },
    timestamp: '2023-10-10T02:18:08.392Z'
  }
}
{
  level: 'error',
  message: 'HTTP PUT /supervisor/approve/newStore',
  metadata: {
    meta: {
      req: {
        url: '/supervisor/approve/newStore',
        headers: {
          'content-type': 'application/json',
          'user-agent': 'PostmanRuntime/7.33.0',
          accept: '*/*',
          'cache-control': 'no-cache',
          'postman-token': '98320d85-f389-41bd-a27f-60ea5cc4b666',
          host: '127.0.0.1:9999',
          'accept-encoding': 'gzip, deflate, br',
          connection: 'keep-alive',
          'content-length': '39'
        },
        method: 'PUT',
        httpVersion: '1.1',
        originalUrl: '/supervisor/approve/newStore',
        query: {}
      },
      res: { statusCode: 501 },
      responseTime: 2
    },
    timestamp: '2023-10-10T02:44:37.628Z'
  }
}
{
  level: 'error',
  message: 'HTTP PUT /supervisor/approve/newStore',
  metadata: {
    meta: {
      req: {
        url: '/supervisor/approve/newStore',
        headers: {
          'content-type': 'application/json',
          'user-agent': 'PostmanRuntime/7.33.0',
          accept: '*/*',
          'cache-control': 'no-cache',
          'postman-token': '05226715-1aa8-4585-bf53-e617f043f403',
          host: '127.0.0.1:9999',
          'accept-encoding': 'gzip, deflate, br',
          connection: 'keep-alive',
          'content-length': '40'
        },
        method: 'PUT',
        httpVersion: '1.1',
        originalUrl: '/supervisor/approve/newStore',
        query: {}
      },
      res: { statusCode: 501 },
      responseTime: 1
    },
    timestamp: '2023-10-10T02:44:43.485Z'
  }
}
{
  level: 'error',
  message: 'HTTP PUT /supervisor/approve/newStore',
  metadata: {
    meta: {
      req: {
        url: '/supervisor/approve/newStore',
        headers: {
          'user-agent': 'PostmanRuntime/7.33.0',
          accept: '*/*',
          'cache-control': 'no-cache',
          'postman-token': 'c62c4f39-05f7-4f4f-b689-a38853143a7c',
          host: '127.0.0.1:9999',
          'accept-encoding': 'gzip, deflate, br',
          connection: 'keep-alive',
          'content-length': '0'
        },
        method: 'PUT',
        httpVersion: '1.1',
        originalUrl: '/supervisor/approve/newStore',
        query: {}
      },
      res: { statusCode: 501 },
      responseTime: 1
    },
    timestamp: '2023-10-10T02:44:52.529Z'
  }
}
{
  level: 'error',
  message: 'HTTP PUT /supervisor/approve/newStore',
  metadata: {
    meta: {
      req: {
        url: '/supervisor/approve/newStore',
        headers: {
          'user-agent': 'PostmanRuntime/7.33.0',
          accept: '*/*',
          'cache-control': 'no-cache',
          'postman-token': 'bfa8c96f-326a-4f54-a216-caff1dd08946',
          host: '127.0.0.1:9999',
          'accept-encoding': 'gzip, deflate, br',
          connection: 'keep-alive',
          'content-length': '0'
        },
        method: 'PUT',
        httpVersion: '1.1',
        originalUrl: '/supervisor/approve/newStore',
        query: {}
      },
      res: { statusCode: 501 },
      responseTime: 0
    },
    timestamp: '2023-10-10T02:44:53.541Z'
  }
}
{
  level: 'error',
  message: 'HTTP PUT /supervisor/approve/newStore',
  metadata: {
    meta: {
      req: {
        url: '/supervisor/approve/newStore',
        headers: {
          'content-type': 'application/json',
          'user-agent': 'PostmanRuntime/7.33.0',
          accept: '*/*',
          'cache-control': 'no-cache',
          'postman-token': '4c0e5d3e-16cd-42cd-b5e1-0a0490e12c51',
          host: '127.0.0.1:9999',
          'accept-encoding': 'gzip, deflate, br',
          connection: 'keep-alive',
          'content-length': '65'
        },
        method: 'PUT',
        httpVersion: '1.1',
        originalUrl: '/supervisor/approve/newStore',
        query: {}
      },
      res: { statusCode: 501 },
      responseTime: 0
    },
    timestamp: '2023-10-10T02:52:34.700Z'
  }
}
{
  level: 'error',
  message: 'HTTP POST /store/addStore/newStore',
  metadata: {
    meta: {
      req: {
        url: '/store/addStore/newStore',
        headers: {
          'content-type': 'application/json',
          'user-agent': 'PostmanRuntime/7.33.0',
          accept: '*/*',
          'cache-control': 'no-cache',
          'postman-token': '22887129-80e7-4a6d-ab9d-bc10837753eb',
          host: '127.0.0.1:9999',
          'accept-encoding': 'gzip, deflate, br',
          connection: 'keep-alive',
          'content-length': '940'
        },
        method: 'POST',
        httpVersion: '1.1',
        originalUrl: '/store/addStore/newStore',
        query: {}
      },
      res: { statusCode: 500 },
      responseTime: 28
    },
    timestamp: '2023-10-10T03:33:37.616Z'
  }
}
{
  level: 'error',
  message: 'HTTP POST /store/getStore/getWithCondition',
  metadata: {
    meta: {
      req: {
        url: '/store/getStore/getWithCondition',
        headers: {
          'content-type': 'application/json',
          'user-agent': 'PostmanRuntime/7.33.0',
          accept: '*/*',
          'cache-control': 'no-cache',
          'postman-token': 'cbde05df-bdb5-453a-84c5-d8a2bd32ecf9',
          host: '127.0.0.1:9999',
          'accept-encoding': 'gzip, deflate, br',
          connection: 'keep-alive',
          'content-length': '18'
        },
        method: 'POST',
        httpVersion: '1.1',
        originalUrl: '/store/getStore/getWithCondition',
        query: {}
      },
      res: { statusCode: 501 },
      responseTime: 2
    },
    timestamp: '2023-10-10T03:50:43.089Z'
  }
}
