{
  level: 'error',
  message: 'HTTP POST /cms/store/addStoreFormM3',
  metadata: {
    meta: {
      req: {
        url: '/cms/store/addStoreFormM3',
        headers: {
          'content-type': 'application/json',
          'user-agent': 'PostmanRuntime/7.35.0',
          accept: '*/*',
          'postman-token': 'b24ac02e-f72d-4656-b05c-8735945d9968',
          host: '127.0.0.1:3838',
          'accept-encoding': 'gzip, deflate, br',
          connection: 'keep-alive',
          'content-length': '30'
        },
        method: 'POST',
        httpVersion: '1.1',
        originalUrl: '/cms/store/addStoreFormM3',
        query: {}
      },
      res: { statusCode: 500 },
      responseTime: 140
    },
    timestamp: '2023-12-04T04:08:05.517Z'
  }
}
{
  level: 'error',
  message: 'HTTP POST /cms/store/addStoreFormM3',
  metadata: {
    meta: {
      req: {
        url: '/cms/store/addStoreFormM3',
        headers: {
          'content-type': 'application/json',
          'user-agent': 'PostmanRuntime/7.35.0',
          accept: '*/*',
          'postman-token': '010bf836-8748-4957-ae2a-0664e6b2ff50',
          host: '127.0.0.1:3838',
          'accept-encoding': 'gzip, deflate, br',
          connection: 'keep-alive',
          'content-length': '30'
        },
        method: 'POST',
        httpVersion: '1.1',
        originalUrl: '/cms/store/addStoreFormM3',
        query: {}
      },
      res: { statusCode: 500 },
      responseTime: 26
    },
    timestamp: '2023-12-04T04:11:44.398Z'
  }
}
{
  level: 'error',
  message: 'HTTP POST /cms/saleProduct/getProduct',
  metadata: {
    meta: {
      req: {
        url: '/cms/saleProduct/getProduct',
        headers: {
          'content-type': 'application/json',
          'user-agent': 'PostmanRuntime/7.35.0',
          accept: '*/*',
          'cache-control': 'no-cache',
          'postman-token': '85f2e1fd-dbe4-44d9-bd7d-b7b86f3beb19',
          host: '127.0.0.1:9999',
          'accept-encoding': 'gzip, deflate, br',
          connection: 'keep-alive',
          'content-length': '95'
        },
        method: 'POST',
        httpVersion: '1.1',
        originalUrl: '/cms/saleProduct/getProduct',
        query: {}
      },
      res: { statusCode: 500 },
      responseTime: 12
    },
    timestamp: '2023-12-04T08:57:29.598Z'
  }
}
{
  level: 'error',
  message: 'HTTP POST /cms/saleProduct/getProduct',
  metadata: {
    meta: {
      req: {
        url: '/cms/saleProduct/getProduct',
        headers: {
          'content-type': 'application/json',
          'user-agent': 'PostmanRuntime/7.35.0',
          accept: '*/*',
          'cache-control': 'no-cache',
          'postman-token': '0b966ec4-5636-4d0a-8f2a-315dae43d7fc',
          host: '127.0.0.1:9999',
          'accept-encoding': 'gzip, deflate, br',
          connection: 'keep-alive',
          'content-length': '95'
        },
        method: 'POST',
        httpVersion: '1.1',
        originalUrl: '/cms/saleProduct/getProduct',
        query: {}
      },
      res: { statusCode: 500 },
      responseTime: 3
    },
    timestamp: '2023-12-04T08:57:30.993Z'
  }
}
{
  level: 'error',
  message: 'HTTP POST /cms/saleProduct/getProduct',
  metadata: {
    meta: {
      req: {
        url: '/cms/saleProduct/getProduct',
        headers: {
          'content-type': 'application/json',
          'user-agent': 'PostmanRuntime/7.35.0',
          accept: '*/*',
          'cache-control': 'no-cache',
          'postman-token': 'c96e6871-c210-4fe6-b2bd-d25877db4eb6',
          host: '127.0.0.1:9999',
          'accept-encoding': 'gzip, deflate, br',
          connection: 'keep-alive',
          'content-length': '110'
        },
        method: 'POST',
        httpVersion: '1.1',
        originalUrl: '/cms/saleProduct/getProduct',
        query: {}
      },
      res: { statusCode: 500 },
      responseTime: 6
    },
    timestamp: '2023-12-04T09:41:49.930Z'
  }
}
{
  level: 'error',
  message: 'HTTP POST /cms/saleProduct/getProduct',
  metadata: {
    meta: {
      req: {
        url: '/cms/saleProduct/getProduct',
        headers: {
          'content-type': 'application/json',
          'user-agent': 'PostmanRuntime/7.35.0',
          accept: '*/*',
          'cache-control': 'no-cache',
          'postman-token': '9b348452-bd71-4ed5-aa61-00b9de665c04',
          host: '127.0.0.1:9999',
          'accept-encoding': 'gzip, deflate, br',
          connection: 'keep-alive',
          'content-length': '110'
        },
        method: 'POST',
        httpVersion: '1.1',
        originalUrl: '/cms/saleProduct/getProduct',
        query: {}
      },
      res: { statusCode: 500 },
      responseTime: 5
    },
    timestamp: '2023-12-04T09:42:21.158Z'
  }
}
{
  level: 'error',
  message: 'HTTP POST /cms/saleProduct/getProduct',
  metadata: {
    meta: {
      req: {
        url: '/cms/saleProduct/getProduct',
        headers: {
          'content-type': 'application/json',
          'user-agent': 'PostmanRuntime/7.35.0',
          accept: '*/*',
          'cache-control': 'no-cache',
          'postman-token': '375f011e-8d74-48a4-80e8-15e8f66d3577',
          host: '127.0.0.1:9999',
          'accept-encoding': 'gzip, deflate, br',
          connection: 'keep-alive',
          'content-length': '110'
        },
        method: 'POST',
        httpVersion: '1.1',
        originalUrl: '/cms/saleProduct/getProduct',
        query: {}
      },
      res: { statusCode: 500 },
      responseTime: 3
    },
    timestamp: '2023-12-04T09:42:22.724Z'
  }
}
{
  level: 'error',
  message: 'HTTP POST /cms/saleProduct/getProduct',
  metadata: {
    meta: {
      req: {
        url: '/cms/saleProduct/getProduct',
        headers: {
          'content-type': 'application/json',
          'user-agent': 'PostmanRuntime/7.35.0',
          accept: '*/*',
          'cache-control': 'no-cache',
          'postman-token': '47bd80b9-3c1d-4355-9de7-2c0c337d4ef8',
          host: '127.0.0.1:9999',
          'accept-encoding': 'gzip, deflate, br',
          connection: 'keep-alive',
          'content-length': '143'
        },
        method: 'POST',
        httpVersion: '1.1',
        originalUrl: '/cms/saleProduct/getProduct',
        query: {}
      },
      res: { statusCode: 500 },
      responseTime: 14
    },
    timestamp: '2023-12-04T10:06:24.256Z'
  }
}
{
  level: 'error',
  message: 'HTTP POST /cms/saleProduct/getProduct',
  metadata: {
    meta: {
      req: {
        url: '/cms/saleProduct/getProduct',
        headers: {
          'content-type': 'application/json',
          'user-agent': 'PostmanRuntime/7.35.0',
          accept: '*/*',
          'cache-control': 'no-cache',
          'postman-token': '4362699a-5afe-4265-b70e-771e60030447',
          host: '127.0.0.1:9999',
          'accept-encoding': 'gzip, deflate, br',
          connection: 'keep-alive',
          'content-length': '143'
        },
        method: 'POST',
        httpVersion: '1.1',
        originalUrl: '/cms/saleProduct/getProduct',
        query: {}
      },
      res: { statusCode: 500 },
      responseTime: 22
    },
    timestamp: '2023-12-04T10:06:32.262Z'
  }
}
{
  level: 'error',
  message: 'HTTP POST /cms/saleProduct/getProduct',
  metadata: {
    meta: {
      req: {
        url: '/cms/saleProduct/getProduct',
        headers: {
          'content-type': 'application/json',
          'user-agent': 'PostmanRuntime/7.35.0',
          accept: '*/*',
          'cache-control': 'no-cache',
          'postman-token': '2026a4bc-0f62-4d0f-826d-74b460bdaf93',
          host: '127.0.0.1:9999',
          'accept-encoding': 'gzip, deflate, br',
          connection: 'keep-alive',
          'content-length': '143'
        },
        method: 'POST',
        httpVersion: '1.1',
        originalUrl: '/cms/saleProduct/getProduct',
        query: {}
      },
      res: { statusCode: 500 },
      responseTime: 5
    },
    timestamp: '2023-12-04T10:06:33.444Z'
  }
}
{
  level: 'error',
  message: 'HTTP POST /cms/saleProduct/getProduct',
  metadata: {
    meta: {
      req: {
        url: '/cms/saleProduct/getProduct',
        headers: {
          'content-type': 'application/json',
          'user-agent': 'PostmanRuntime/7.35.0',
          accept: '*/*',
          'cache-control': 'no-cache',
          'postman-token': '633e554b-580f-4910-87ad-3c633608a069',
          host: '127.0.0.1:9999',
          'accept-encoding': 'gzip, deflate, br',
          connection: 'keep-alive',
          'content-length': '143'
        },
        method: 'POST',
        httpVersion: '1.1',
        originalUrl: '/cms/saleProduct/getProduct',
        query: {}
      },
      res: { statusCode: 500 },
      responseTime: 14
    },
    timestamp: '2023-12-04T10:07:03.873Z'
  }
}
{
  level: 'error',
  message: 'HTTP POST /cms/saleProduct/getCartToShow',
  metadata: {
    meta: {
      req: {
        url: '/cms/saleProduct/getCartToShow',
        headers: {
          host: 'localhost:3838',
          connection: 'keep-alive',
          'content-length': '38',
          'sec-ch-ua': '"Microsoft Edge";v="119", "Chromium";v="119", "Not?A_Brand";v="24"',
          accept: 'application/json, text/plain, */*',
          'content-type': 'application/json',
          'sec-ch-ua-mobile': '?1',
          'user-agent': 'Mozilla/5.0 (Linux; Android 6.0; Nexus 5 Build/MRA58N) AppleWebKit/537.36 (KHTML, like Gecko) Chrome/119.0.0.0 Mobile Safari/537.36 Edg/119.0.0.0',
          'sec-ch-ua-platform': '"Android"',
          origin: 'http://127.0.0.1:5173',
          'sec-fetch-site': 'cross-site',
          'sec-fetch-mode': 'cors',
          'sec-fetch-dest': 'empty',
          referer: 'http://127.0.0.1:5173/',
          'accept-encoding': 'gzip, deflate, br',
          'accept-language': 'en-US,en;q=0.9'
        },
        method: 'POST',
        httpVersion: '1.1',
        originalUrl: '/cms/saleProduct/getCartToShow',
        query: {}
      },
      res: { statusCode: 500 },
      responseTime: 16
    },
    timestamp: '2023-12-04T12:16:36.219Z'
  }
}
{
  level: 'error',
  message: 'HTTP POST /cms/saleProduct/getCartToShow',
  metadata: {
    meta: {
      req: {
        url: '/cms/saleProduct/getCartToShow',
        headers: {
          host: 'localhost:3838',
          connection: 'keep-alive',
          'content-length': '38',
          'sec-ch-ua': '"Microsoft Edge";v="119", "Chromium";v="119", "Not?A_Brand";v="24"',
          accept: 'application/json, text/plain, */*',
          'content-type': 'application/json',
          'sec-ch-ua-mobile': '?1',
          'user-agent': 'Mozilla/5.0 (Linux; Android 6.0; Nexus 5 Build/MRA58N) AppleWebKit/537.36 (KHTML, like Gecko) Chrome/119.0.0.0 Mobile Safari/537.36 Edg/119.0.0.0',
          'sec-ch-ua-platform': '"Android"',
          origin: 'http://127.0.0.1:5173',
          'sec-fetch-site': 'cross-site',
          'sec-fetch-mode': 'cors',
          'sec-fetch-dest': 'empty',
          referer: 'http://127.0.0.1:5173/',
          'accept-encoding': 'gzip, deflate, br',
          'accept-language': 'en-US,en;q=0.9'
        },
        method: 'POST',
        httpVersion: '1.1',
        originalUrl: '/cms/saleProduct/getCartToShow',
        query: {}
      },
      res: { statusCode: 500 },
      responseTime: 4
    },
    timestamp: '2023-12-04T12:16:44.726Z'
  }
}
{
  level: 'error',
  message: 'HTTP POST /cms/store/addStoreFormM3',
  metadata: {
    meta: {
      req: {
        url: '/cms/store/addStoreFormM3',
        headers: {
          'content-type': 'application/json',
          'user-agent': 'PostmanRuntime/7.35.0',
          accept: '*/*',
          'cache-control': 'no-cache',
          'postman-token': '761862ff-1dbd-412a-b47d-faed309b64ea',
          host: '127.0.0.1:3838',
          'accept-encoding': 'gzip, deflate, br',
          connection: 'keep-alive',
          'content-length': '30'
        },
        method: 'POST',
        httpVersion: '1.1',
        originalUrl: '/cms/store/addStoreFormM3',
        query: {}
      },
      res: { statusCode: 500 },
      responseTime: 21085
    },
    timestamp: '2023-12-04T12:18:14.375Z'
  }
}
{
  level: 'error',
  message: 'HTTP POST /cms/manage/Policy/getPolicy',
  metadata: {
    meta: {
      req: {
        url: '/cms/manage/Policy/getPolicy',
        headers: {
          'content-type': 'application/json',
          'user-agent': 'PostmanRuntime/7.35.0',
          accept: '*/*',
          'cache-control': 'no-cache',
          'postman-token': 'a7ed71ce-50a6-4cf0-ab7b-5e11d06dfe23',
          host: '127.0.0.1:3838',
          'accept-encoding': 'gzip, deflate, br',
          connection: 'keep-alive',
          'content-length': '4965'
        },
        method: 'POST',
        httpVersion: '1.1',
        originalUrl: '/cms/manage/Policy/getPolicy',
        query: {}
      },
      res: { statusCode: 500 },
      responseTime: 4
    },
    timestamp: '2023-12-04T12:24:03.594Z'
  }
}
{
  level: 'error',
  message: 'HTTP POST /cms/saleProduct/getCartToShow',
  metadata: {
    meta: {
      req: {
        url: '/cms/saleProduct/getCartToShow',
        headers: {
          'content-type': 'application/json',
          'user-agent': 'PostmanRuntime/7.35.0',
          accept: '*/*',
          'cache-control': 'no-cache',
          'postman-token': '2c75343d-9c72-431a-b1ae-1e8ac6dbfb04',
          host: '127.0.0.1:3838',
          'accept-encoding': 'gzip, deflate, br',
          connection: 'keep-alive',
          'content-length': '52'
        },
        method: 'POST',
        httpVersion: '1.1',
        originalUrl: '/cms/saleProduct/getCartToShow',
        query: {}
      },
      res: { statusCode: 500 },
      responseTime: 4
    },
    timestamp: '2023-12-04T12:26:09.297Z'
  }
}
{
  level: 'error',
  message: 'HTTP POST /cms/saleProduct/getCartToShow',
  metadata: {
    meta: {
      req: {
        url: '/cms/saleProduct/getCartToShow',
        headers: {
          host: 'localhost:3838',
          connection: 'keep-alive',
          'content-length': '38',
          'sec-ch-ua': '"Microsoft Edge";v="119", "Chromium";v="119", "Not?A_Brand";v="24"',
          accept: 'application/json, text/plain, */*',
          'content-type': 'application/json',
          'sec-ch-ua-mobile': '?1',
          'user-agent': 'Mozilla/5.0 (Linux; Android 6.0; Nexus 5 Build/MRA58N) AppleWebKit/537.36 (KHTML, like Gecko) Chrome/119.0.0.0 Mobile Safari/537.36 Edg/119.0.0.0',
          'sec-ch-ua-platform': '"Android"',
          origin: 'http://127.0.0.1:5173',
          'sec-fetch-site': 'cross-site',
          'sec-fetch-mode': 'cors',
          'sec-fetch-dest': 'empty',
          referer: 'http://127.0.0.1:5173/',
          'accept-encoding': 'gzip, deflate, br',
          'accept-language': 'en-US,en;q=0.9'
        },
        method: 'POST',
        httpVersion: '1.1',
        originalUrl: '/cms/saleProduct/getCartToShow',
        query: {}
      },
      res: { statusCode: 500 },
      responseTime: 2
    },
    timestamp: '2023-12-04T12:49:08.008Z'
  }
}
{
  level: 'error',
  message: 'HTTP POST /cms/saleProduct/getCartToShow',
  metadata: {
    meta: {
      req: {
        url: '/cms/saleProduct/getCartToShow',
        headers: {
          host: 'localhost:3838',
          connection: 'keep-alive',
          'content-length': '38',
          'sec-ch-ua': '"Microsoft Edge";v="119", "Chromium";v="119", "Not?A_Brand";v="24"',
          accept: 'application/json, text/plain, */*',
          'content-type': 'application/json',
          'sec-ch-ua-mobile': '?1',
          'user-agent': 'Mozilla/5.0 (Linux; Android 6.0; Nexus 5 Build/MRA58N) AppleWebKit/537.36 (KHTML, like Gecko) Chrome/119.0.0.0 Mobile Safari/537.36 Edg/119.0.0.0',
          'sec-ch-ua-platform': '"Android"',
          origin: 'http://127.0.0.1:5173',
          'sec-fetch-site': 'cross-site',
          'sec-fetch-mode': 'cors',
          'sec-fetch-dest': 'empty',
          referer: 'http://127.0.0.1:5173/',
          'accept-encoding': 'gzip, deflate, br',
          'accept-language': 'en-US,en;q=0.9'
        },
        method: 'POST',
        httpVersion: '1.1',
        originalUrl: '/cms/saleProduct/getCartToShow',
        query: {}
      },
      res: { statusCode: 500 },
      responseTime: 2
    },
    timestamp: '2023-12-04T14:02:07.418Z'
  }
}
{
  level: 'error',
  message: 'HTTP POST /cms/saleProduct/getProductDetail',
  metadata: {
    meta: {
      req: {
        url: '/cms/saleProduct/getProductDetail',
        headers: {
          'content-type': 'application/json',
          'user-agent': 'PostmanRuntime/7.35.0',
          accept: '*/*',
          'cache-control': 'no-cache',
          'postman-token': '7ce87636-cbfd-4303-a6f3-db72b3d59918',
          host: '127.0.0.1:3838',
          'accept-encoding': 'gzip, deflate, br',
          connection: 'keep-alive',
          'content-length': '25'
        },
        method: 'POST',
        httpVersion: '1.1',
        originalUrl: '/cms/saleProduct/getProductDetail',
        query: {}
      },
      res: { statusCode: 500 },
      responseTime: 2
    },
    timestamp: '2023-12-04T14:02:32.956Z'
  }
}
